2026-05-13 21:29:48,665 - INFO - --- Starting BERLIN DISTRICT App ---
2026-05-13 21:29:51,259 - INFO - Steam path found: d:/program files (x86)/steam
2026-05-13 21:29:51,452 - INFO - Application initialized successfully.
2026-05-13 21:30:08,308 - INFO - Steam path found: d:/program files (x86)/steam
2026-05-13 21:30:08,310 - INFO - Parsed 2 accounts from VDF.
2026-05-13 21:30:10,495 - INFO - Steam path found: d:/program files (x86)/steam
2026-05-13 21:30:10,497 - INFO - Parsed 2 accounts from VDF.
2026-05-13 21:30:20,212 - INFO - Steam path found: d:/program files (x86)/steam
2026-05-13 21:30:20,213 - INFO - Parsed 2 accounts from VDF.
2026-05-13 21:30:23,963 - INFO - Steam path found: d:/program files (x86)/steam
2026-05-13 21:30:23,966 - INFO - Parsed 2 accounts from VDF.
2026-05-13 21:30:44,460 - INFO - --- Starting BERLIN DISTRICT App ---
2026-05-13 21:30:46,090 - INFO - Steam path found: d:/program files (x86)/steam
2026-05-13 21:30:46,126 - INFO - Application initialized successfully.
2026-05-13 21:30:52,444 - INFO - Steam path found: d:/program files (x86)/steam
2026-05-13 21:30:52,446 - INFO - Parsed 2 accounts from VDF.
2026-05-13 21:30:53,774 - INFO - Steam process killed.
2026-05-13 21:30:55,275 - INFO - Steam path found: d:/program files (x86)/steam
2026-05-13 21:30:55,275 - INFO - Opening Steam with -login flag.
2026-05-13 21:31:36,864 - INFO - Initiated switch to account: just_mero2
2026-05-13 21:31:37,305 - INFO - Steam process killed.
2026-05-13 21:31:38,806 - INFO - Registry updated for user: just_mero2
2026-05-13 21:31:38,806 - INFO - Steam path found: d:/program files (x86)/steam
2026-05-13 21:31:38,837 - INFO - Steam launched with new account.
2026-05-13 21:31:40,282 - INFO - Steam path found: d:/program files (x86)/steam
2026-05-13 21:31:40,284 - INFO - Parsed 2 accounts from VDF.
2026-05-13 21:32:00,776 - INFO - Steam process killed.
2026-05-13 21:32:02,276 - INFO - Steam path found: d:/program files (x86)/steam
2026-05-13 21:32:02,276 - INFO - Opening Steam with -login flag.
2026-05-13 21:32:50,437 - INFO - Steam path found: d:/program files (x86)/steam
2026-05-13 21:32:50,439 - INFO - Parsed 2 accounts from VDF.
2026-05-13 21:35:01,256 - CRITICAL - Application crashed: CTkFont.__init__() got multiple values for argument 'weight'
2026-05-13 21:35:15,109 - CRITICAL - Application crashed: CTkFont.__init__() got multiple values for argument 'weight'
2026-05-13 21:37:44,206 - CRITICAL - Error: CTkFont.__init__() got multiple values for argument 'weight'
2026-05-13 21:37:50,307 - CRITICAL - Error: CTkFont.__init__() got multiple values for argument 'weight'
2026-05-13 21:37:56,700 - INFO - --- Starting BERLIN DISTRICT App ---
2026-05-13 21:37:57,316 - INFO - Steam path found: d:/program files (x86)/steam
2026-05-13 21:37:57,326 - INFO - Application initialized successfully.
2026-05-13 21:38:02,218 - INFO - Steam path found: d:/program files (x86)/steam
2026-05-13 21:38:02,219 - INFO - Parsed 2 accounts from VDF.
2026-05-13 21:38:03,530 - INFO - Steam path found: d:/program files (x86)/steam
2026-05-13 21:38:03,531 - INFO - Parsed 2 accounts from VDF.
2026-05-13 21:38:04,830 - INFO - Steam path found: d:/program files (x86)/steam
2026-05-13 21:38:04,830 - INFO - Parsed 2 accounts from VDF.
2026-05-13 21:38:05,001 - INFO - Steam path found: d:/program files (x86)/steam
2026-05-13 21:38:05,002 - INFO - Parsed 2 accounts from VDF.
2026-05-13 21:39:22,535 - CRITICAL - Error: CTkFont.__init__() got multiple values for argument 'weight'
2026-05-13 21:59:06,819 - INFO - File content length: 507 characters
2026-05-13 21:59:06,820 - INFO - Found 2 account entries
2026-05-13 21:59:06,820 - INFO - Added account: fryy29482
2026-05-13 21:59:06,820 - INFO - Added account: just_mero2
2026-05-13 21:59:10,486 - INFO - File content length: 507 characters
2026-05-13 21:59:10,486 - INFO - Found 2 account entries
2026-05-13 21:59:10,486 - INFO - Added account: fryy29482
2026-05-13 21:59:10,486 - INFO - Added account: just_mero2
2026-05-13 21:59:13,148 - INFO - File content length: 507 characters
2026-05-13 21:59:13,148 - INFO - Found 2 account entries
2026-05-13 21:59:13,148 - INFO - Added account: fryy29482
2026-05-13 21:59:13,148 - INFO - Added account: just_mero2
2026-05-13 21:59:14,150 - INFO - File content length: 507 characters
2026-05-13 21:59:14,150 - INFO - Found 2 account entries
2026-05-13 21:59:14,150 - INFO - Added account: fryy29482
2026-05-13 21:59:14,150 - INFO - Added account: just_mero2
2026-05-13 21:59:17,908 - INFO - File content length: 507 characters
2026-05-13 21:59:17,908 - INFO - Found 2 account entries
2026-05-13 21:59:17,908 - INFO - Added account: fryy29482
2026-05-13 21:59:17,908 - INFO - Added account: just_mero2
2026-05-13 22:00:18,869 - INFO - File content length: 507 characters
2026-05-13 22:00:18,870 - INFO - Found 2 account entries
2026-05-13 22:00:18,870 - INFO - Added account: fryy29482
2026-05-13 22:00:18,870 - INFO - Added account: just_mero2
2026-05-13 22:00:26,920 - INFO - File content length: 507 characters
2026-05-13 22:00:26,920 - INFO - Found 2 account entries
2026-05-13 22:00:26,920 - INFO - Added account: fryy29482
2026-05-13 22:00:26,920 - INFO - Added account: just_mero2
2026-05-13 22:01:01,757 - INFO - File content length: 507 characters
2026-05-13 22:01:01,758 - INFO - Found 2 account entries
2026-05-13 22:01:01,759 - INFO - Added account: fryy29482
2026-05-13 22:01:01,759 - INFO - Added account: just_mero2
2026-05-13 22:04:23,890 - INFO - File content length: 507 characters
2026-05-13 22:04:23,891 - INFO - Found 2 account entries
2026-05-13 22:04:23,891 - INFO - Added account: fryy29482
2026-05-13 22:04:23,891 - INFO - Added account: just_mero2
2026-05-13 22:04:35,806 - INFO - File content length: 507 characters
2026-05-13 22:04:35,806 - INFO - Found 2 account entries
2026-05-13 22:04:35,806 - INFO - Added account: fryy29482
2026-05-13 22:04:35,806 - INFO - Added account: just_mero2
2026-05-13 22:04:36,148 - INFO - File content length: 507 characters
2026-05-13 22:04:36,149 - INFO - Found 2 account entries
2026-05-13 22:04:36,149 - INFO - Added account: fryy29482
2026-05-13 22:04:36,149 - INFO - Added account: just_mero2
2026-05-13 22:04:46,904 - INFO - File content length: 507 characters
2026-05-13 22:04:46,904 - INFO - Found 2 account entries
2026-05-13 22:04:46,904 - INFO - Added account: fryy29482
2026-05-13 22:04:46,904 - INFO - Added account: just_mero2
2026-05-13 22:04:59,238 - INFO - File content length: 507 characters
2026-05-13 22:04:59,238 - INFO - Found 2 account entries
2026-05-13 22:04:59,238 - INFO - Added account: fryy29482
2026-05-13 22:04:59,239 - INFO - Added account: just_mero2
2026-05-13 22:05:26,544 - INFO - File content length: 507 characters
2026-05-13 22:05:26,544 - INFO - Found 2 account entries
2026-05-13 22:05:26,544 - INFO - Added account: fryy29482
2026-05-13 22:05:26,544 - INFO - Added account: just_mero2
2026-05-13 22:05:34,161 - INFO - File content length: 507 characters
2026-05-13 22:05:34,161 - INFO - Found 2 account entries
2026-05-13 22:05:34,161 - INFO - Added account: fryy29482
2026-05-13 22:05:34,161 - INFO - Added account: just_mero2
2026-05-13 22:05:42,620 - INFO - File content length: 507 characters
2026-05-13 22:05:42,620 - INFO - Found 2 account entries
2026-05-13 22:05:42,620 - INFO - Added account: fryy29482
2026-05-13 22:05:42,620 - INFO - Added account: just_mero2
2026-05-13 22:06:06,083 - INFO - File content length: 507 characters
2026-05-13 22:06:06,083 - INFO - Found 2 account entries
2026-05-13 22:06:06,083 - INFO - Added account: fryy29482
2026-05-13 22:06:06,083 - INFO - Added account: just_mero2
2026-05-13 22:06:20,451 - INFO - File content length: 507 characters
2026-05-13 22:06:20,451 - INFO - Found 2 account entries
2026-05-13 22:06:20,451 - INFO - Added account: fryy29482
2026-05-13 22:06:20,451 - INFO - Added account: just_mero2
2026-05-13 22:06:23,726 - INFO - File content length: 507 characters
2026-05-13 22:06:23,726 - INFO - Found 2 account entries
2026-05-13 22:06:23,726 - INFO - Added account: fryy29482
2026-05-13 22:06:23,726 - INFO - Added account: just_mero2
2026-05-13 22:06:28,060 - INFO - File content length: 507 characters
2026-05-13 22:06:28,060 - INFO - Found 2 account entries
2026-05-13 22:06:28,060 - INFO - Added account: fryy29482
2026-05-13 22:06:28,061 - INFO - Added account: just_mero2
2026-05-13 22:07:04,969 - INFO - File content length: 507 characters
2026-05-13 22:07:04,969 - INFO - Found 2 account entries
2026-05-13 22:07:04,969 - INFO - Added account: fryy29482
2026-05-13 22:07:04,969 - INFO - Added account: just_mero2
2026-05-13 22:07:53,059 - INFO - File content length: 507 characters
2026-05-13 22:07:53,059 - INFO - Found 2 account entries
2026-05-13 22:07:53,060 - INFO - Added account: fryy29482
2026-05-13 22:07:53,060 - INFO - Added account: just_mero2
2026-05-13 22:08:23,649 - INFO - File content length: 507 characters
2026-05-13 22:08:23,650 - INFO - Found 2 account entries
2026-05-13 22:08:23,651 - INFO - Added account: fryy29482
2026-05-13 22:08:23,651 - INFO - Added account: just_mero2
2026-05-13 22:08:25,252 - INFO - File content length: 507 characters
2026-05-13 22:08:25,252 - INFO - Found 2 account entries
2026-05-13 22:08:25,252 - INFO - Added account: fryy29482
2026-05-13 22:08:25,252 - INFO - Added account: just_mero2
2026-05-13 22:08:28,524 - INFO - File content length: 507 characters
2026-05-13 22:08:28,524 - INFO - Found 2 account entries
2026-05-13 22:08:28,524 - INFO - Added account: fryy29482
2026-05-13 22:08:28,524 - INFO - Added account: just_mero2
2026-05-13 22:08:37,405 - INFO - File content length: 507 characters
2026-05-13 22:08:37,406 - INFO - Found 2 account entries
2026-05-13 22:08:37,406 - INFO - Added account: fryy29482
2026-05-13 22:08:37,406 - INFO - Added account: just_mero2
2026-05-13 22:08:38,731 - INFO - File content length: 507 characters
2026-05-13 22:08:38,731 - INFO - Found 2 account entries
2026-05-13 22:08:38,731 - INFO - Added account: fryy29482
2026-05-13 22:08:38,731 - INFO - Added account: just_mero2
2026-05-13 22:08:39,911 - INFO - File content length: 507 characters
2026-05-13 22:08:39,911 - INFO - Found 2 account entries
2026-05-13 22:08:39,911 - INFO - Added account: fryy29482
2026-05-13 22:08:39,912 - INFO - Added account: just_mero2
2026-05-13 22:08:43,080 - INFO - File content length: 507 characters
2026-05-13 22:08:43,080 - INFO - Found 2 account entries
2026-05-13 22:08:43,080 - INFO - Added account: fryy29482
2026-05-13 22:08:43,080 - INFO - Added account: just_mero2
2026-05-13 22:08:44,546 - INFO - File content length: 507 characters
2026-05-13 22:08:44,546 - INFO - Found 2 account entries
2026-05-13 22:08:44,546 - INFO - Added account: fryy29482
2026-05-13 22:08:44,547 - INFO - Added account: just_mero2
2026-05-13 22:08:46,759 - INFO - File content length: 507 characters
2026-05-13 22:08:46,759 - INFO - Found 2 account entries
2026-05-13 22:08:46,759 - INFO - Added account: fryy29482
2026-05-13 22:08:46,759 - INFO - Added account: just_mero2
2026-05-13 22:08:55,759 - INFO - File content length: 507 characters
2026-05-13 22:08:55,760 - INFO - Found 2 account entries
2026-05-13 22:08:55,760 - INFO - Added account: fryy29482
2026-05-13 22:08:55,760 - INFO - Added account: just_mero2
2026-05-13 22:08:57,338 - INFO - File content length: 507 characters
2026-05-13 22:08:57,338 - INFO - Found 2 account entries
2026-05-13 22:08:57,338 - INFO - Added account: fryy29482
2026-05-13 22:08:57,338 - INFO - Added account: just_mero2
2026-05-13 22:08:58,226 - INFO - File content length: 507 characters
2026-05-13 22:08:58,226 - INFO - Found 2 account entries
2026-05-13 22:08:58,227 - INFO - Added account: fryy29482
2026-05-13 22:08:58,227 - INFO - Added account: just_mero2
2026-05-13 22:08:58,929 - INFO - File content length: 507 characters
2026-05-13 22:08:58,929 - INFO - Found 2 account entries
2026-05-13 22:08:58,929 - INFO - Added account: fryy29482
2026-05-13 22:08:58,929 - INFO - Added account: just_mero2
2026-05-13 22:09:01,917 - INFO - File content length: 507 characters
2026-05-13 22:09:01,917 - INFO - Found 2 account entries
2026-05-13 22:09:01,917 - INFO - Added account: fryy29482
2026-05-13 22:09:01,918 - INFO - Added account: just_mero2
2026-05-13 22:09:02,158 - INFO - File content length: 507 characters
2026-05-13 22:09:02,158 - INFO - Found 2 account entries
2026-05-13 22:09:02,158 - INFO - Added account: fryy29482
2026-05-13 22:09:02,158 - INFO - Added account: just_mero2
2026-05-13 22:09:02,946 - INFO - File content length: 507 characters
2026-05-13 22:09:02,946 - INFO - Found 2 account entries
2026-05-13 22:09:02,947 - INFO - Added account: fryy29482
2026-05-13 22:09:02,947 - INFO - Added account: just_mero2
2026-05-13 22:09:40,922 - INFO - File content length: 507 characters
2026-05-13 22:09:40,922 - INFO - Found 2 account entries
2026-05-13 22:09:40,923 - INFO - Added account: fryy29482
2026-05-13 22:09:40,923 - INFO - Added account: just_mero2
2026-05-13 22:09:42,817 - INFO - File content length: 507 characters
2026-05-13 22:09:42,817 - INFO - Found 2 account entries
2026-05-13 22:09:42,817 - INFO - Added account: fryy29482
2026-05-13 22:09:42,817 - INFO - Added account: just_mero2
2026-05-13 22:09:44,590 - INFO - File content length: 507 characters
2026-05-13 22:09:44,590 - INFO - Found 2 account entries
2026-05-13 22:09:44,590 - INFO - Added account: fryy29482
2026-05-13 22:09:44,590 - INFO - Added account: just_mero2
2026-05-13 22:09:45,000 - INFO - File content length: 507 characters
2026-05-13 22:09:45,000 - INFO - Found 2 account entries
2026-05-13 22:09:45,000 - INFO - Added account: fryy29482
2026-05-13 22:09:45,000 - INFO - Added account: just_mero2
2026-05-13 22:09:45,826 - INFO - File content length: 507 characters
2026-05-13 22:09:45,826 - INFO - Found 2 account entries
2026-05-13 22:09:45,826 - INFO - Added account: fryy29482
2026-05-13 22:09:45,827 - INFO - Added account: just_mero2
2026-05-13 22:09:47,703 - INFO - File content length: 507 characters
2026-05-13 22:09:47,703 - INFO - Found 2 account entries
2026-05-13 22:09:47,703 - INFO - Added account: fryy29482
2026-05-13 22:09:47,703 - INFO - Added account: just_mero2
2026-05-13 22:39:00,674 - INFO - File content length: 507 characters
2026-05-13 22:39:00,674 - INFO - Found 2 account entries
2026-05-13 22:39:00,675 - INFO - Added account: fryy29482
2026-05-13 22:39:00,675 - INFO - Added account: just_mero2
2026-05-13 22:40:20,291 - INFO - File content length: 507 characters
2026-05-13 22:40:20,291 - INFO - Found 2 account entries
2026-05-13 22:40:20,291 - INFO - Added account: fryy29482
2026-05-13 22:40:20,292 - INFO - Added account: just_mero2
2026-05-13 22:40:23,688 - INFO - File content length: 507 characters
2026-05-13 22:40:23,688 - INFO - Found 2 account entries
2026-05-13 22:40:23,688 - INFO - Added account: fryy29482
2026-05-13 22:40:23,688 - INFO - Added account: just_mero2
2026-05-13 22:40:24,028 - INFO - File content length: 507 characters
2026-05-13 22:40:24,028 - INFO - Found 2 account entries
2026-05-13 22:40:24,028 - INFO - Added account: fryy29482
2026-05-13 22:40:24,029 - INFO - Added account: just_mero2
2026-05-13 22:40:24,445 - INFO - File content length: 507 characters
2026-05-13 22:40:24,445 - INFO - Found 2 account entries
2026-05-13 22:40:24,445 - INFO - Added account: fryy29482
2026-05-13 22:40:24,445 - INFO - Added account: just_mero2
2026-05-13 22:43:55,414 - INFO - File content length: 507 characters
2026-05-13 22:43:55,414 - INFO - Found 2 account entries
2026-05-13 22:43:55,415 - INFO - Added account: fryy29482
2026-05-13 22:43:55,415 - INFO - Added account: just_mero2
2026-05-13 22:58:47,133 - INFO - File content length: 507 characters
2026-05-13 22:58:47,134 - INFO - Found 2 account entries
2026-05-13 22:58:47,134 - INFO - Added account: fryy29482
2026-05-13 22:58:47,134 - INFO - Added account: just_mero2
2026-05-13 22:58:47,470 - INFO - File content length: 507 characters
2026-05-13 22:58:47,470 - INFO - Found 2 account entries
2026-05-13 22:58:47,470 - INFO - Added account: fryy29482
2026-05-13 22:58:47,470 - INFO - Added account: just_mero2
2026-05-13 22:58:49,272 - INFO - File content length: 507 characters
2026-05-13 22:58:49,272 - INFO - Found 2 account entries
2026-05-13 22:58:49,272 - INFO - Added account: fryy29482
2026-05-13 22:58:49,272 - INFO - Added account: just_mero2
2026-05-13 22:58:50,460 - INFO - File content length: 507 characters
2026-05-13 22:58:50,461 - INFO - Found 2 account entries
2026-05-13 22:58:50,461 - INFO - Added account: fryy29482
2026-05-13 22:58:50,461 - INFO - Added account: just_mero2
2026-05-13 22:59:14,180 - INFO - File content length: 507 characters
2026-05-13 22:59:14,181 - INFO - Found 2 account entries
2026-05-13 22:59:14,181 - INFO - Added account: fryy29482
2026-05-13 22:59:14,181 - INFO - Added account: just_mero2
2026-05-13 22:59:15,449 - INFO - File content length: 507 characters
2026-05-13 22:59:15,450 - INFO - Found 2 account entries
2026-05-13 22:59:15,450 - INFO - Added account: fryy29482
2026-05-13 22:59:15,450 - INFO - Added account: just_mero2
2026-05-13 22:59:15,632 - INFO - File content length: 507 characters
2026-05-13 22:59:15,632 - INFO - Found 2 account entries
2026-05-13 22:59:15,632 - INFO - Added account: fryy29482
2026-05-13 22:59:15,632 - INFO - Added account: just_mero2
2026-05-13 22:59:17,564 - INFO - File content length: 507 characters
2026-05-13 22:59:17,564 - INFO - Found 2 account entries
2026-05-13 22:59:17,564 - INFO - Added account: fryy29482
2026-05-13 22:59:17,564 - INFO - Added account: just_mero2
2026-05-13 22:59:28,224 - INFO - File content length: 507 characters
2026-05-13 22:59:28,224 - INFO - Found 2 account entries
2026-05-13 22:59:28,225 - INFO - Added account: fryy29482
2026-05-13 22:59:28,225 - INFO - Added account: just_mero2
2026-05-13 22:59:28,498 - INFO - File content length: 507 characters
2026-05-13 22:59:28,499 - INFO - Found 2 account entries
2026-05-13 22:59:28,499 - INFO - Added account: fryy29482
2026-05-13 22:59:28,499 - INFO - Added account: just_mero2
2026-05-13 22:59:29,858 - INFO - File content length: 507 characters
2026-05-13 22:59:29,858 - INFO - Found 2 account entries
2026-05-13 22:59:29,858 - INFO - Added account: fryy29482
2026-05-13 22:59:29,858 - INFO - Added account: just_mero2
2026-05-13 22:59:30,666 - INFO - File content length: 507 characters
2026-05-13 22:59:30,666 - INFO - Found 2 account entries
2026-05-13 22:59:30,666 - INFO - Added account: fryy29482
2026-05-13 22:59:30,666 - INFO - Added account: just_mero2
2026-05-13 22:59:31,003 - INFO - File content length: 507 characters
2026-05-13 22:59:31,003 - INFO - Found 2 account entries
2026-05-13 22:59:31,003 - INFO - Added account: fryy29482
2026-05-13 22:59:31,003 - INFO - Added account: just_mero2
2026-05-13 22:59:54,712 - INFO - File content length: 507 characters
2026-05-13 22:59:54,712 - INFO - Found 2 account entries
2026-05-13 22:59:54,712 - INFO - Added account: fryy29482
2026-05-13 22:59:54,712 - INFO - Added account: just_mero2
2026-05-13 22:59:55,578 - INFO - File content length: 507 characters
2026-05-13 22:59:55,578 - INFO - Found 2 account entries
2026-05-13 22:59:55,578 - INFO - Added account: fryy29482
2026-05-13 22:59:55,578 - INFO - Added account: just_mero2
2026-05-13 22:59:56,594 - INFO - File content length: 507 characters
2026-05-13 22:59:56,594 - INFO - Found 2 account entries
2026-05-13 22:59:56,594 - INFO - Added account: fryy29482
2026-05-13 22:59:56,594 - INFO - Added account: just_mero2
2026-05-13 22:59:57,176 - INFO - File content length: 507 characters
2026-05-13 22:59:57,176 - INFO - Found 2 account entries
2026-05-13 22:59:57,176 - INFO - Added account: fryy29482
2026-05-13 22:59:57,176 - INFO - Added account: just_mero2
2026-05-13 22:59:58,259 - INFO - File content length: 507 characters
2026-05-13 22:59:58,259 - INFO - Found 2 account entries
2026-05-13 22:59:58,259 - INFO - Added account: fryy29482
2026-05-13 22:59:58,259 - INFO - Added account: just_mero2
2026-05-13 22:59:59,301 - INFO - File content length: 507 characters
2026-05-13 22:59:59,301 - INFO - Found 2 account entries
2026-05-13 22:59:59,301 - INFO - Added account: fryy29482
2026-05-13 22:59:59,301 - INFO - Added account: just_mero2
2026-05-13 23:00:02,191 - INFO - File content length: 507 characters
2026-05-13 23:00:02,191 - INFO - Found 2 account entries
2026-05-13 23:00:02,191 - INFO - Added account: fryy29482
2026-05-13 23:00:02,191 - INFO - Added account: just_mero2
2026-05-13 23:00:03,111 - INFO - File content length: 507 characters
2026-05-13 23:00:03,111 - INFO - Found 2 account entries
2026-05-13 23:00:03,111 - INFO - Added account: fryy29482
2026-05-13 23:00:03,112 - INFO - Added account: just_mero2
